TN:
SF:/Users/epillot/red-tetris/src/client/actions/animations.js
FN:5,spaceAnimation
FN:9,nextAction
FN:17,pieceAnimation
FN:23,nextAction
FN:33,(anonymous_12)
FN:47,nextAction
FN:65,animationStep
FNF:7
FNH:4
FNDA:1,spaceAnimation
FNDA:0,nextAction
FNDA:1,pieceAnimation
FNDA:0,nextAction
FNDA:2,(anonymous_12)
FNDA:0,nextAction
FNDA:1,animationStep
DA:11,0
DA:24,0
DA:27,0
DA:34,2
DA:48,0
DA:55,0
DA:57,0
LF:7
LH:1
BRDA:11,1,0,0
BRDA:11,1,1,0
BRDA:24,2,0,0
BRDA:24,2,1,0
BRDA:27,3,0,0
BRDA:27,3,1,0
BRDA:34,4,0,1
BRDA:34,4,1,1
BRDA:48,5,0,0
BRDA:48,5,1,0
BRDA:55,6,0,0
BRDA:55,6,1,0
BRDA:57,7,0,0
BRDA:57,7,1,0
BRF:14
BRH:2
end_of_record
TN:
SF:/Users/epillot/red-tetris/src/client/actions/index.js
FN:28,(anonymous_13)
FN:29,(anonymous_14)
FN:30,(anonymous_15)
FN:47,(anonymous_19)
FN:65,(anonymous_22)
FN:72,(anonymous_24)
FN:73,(anonymous_25)
FN:76,(anonymous_26)
FN:99,(anonymous_34)
FN:103,(anonymous_35)
FN:104,(anonymous_36)
FN:116,updateTimer
FN:123,beginGame
FN:129,(anonymous_40)
FNF:14
FNH:0
FNDA:0,(anonymous_13)
FNDA:0,(anonymous_14)
FNDA:0,(anonymous_15)
FNDA:0,(anonymous_19)
FNDA:0,(anonymous_22)
FNDA:0,(anonymous_24)
FNDA:0,(anonymous_25)
FNDA:0,(anonymous_26)
FNDA:0,(anonymous_34)
FNDA:0,(anonymous_35)
FNDA:0,(anonymous_36)
FNDA:0,updateTimer
FNDA:0,beginGame
FNDA:0,(anonymous_40)
DA:32,0
DA:49,0
DA:53,0
DA:56,0
DA:59,0
DA:62,0
DA:86,0
DA:89,0
DA:106,0
DA:130,0
DA:134,0
LF:11
LH:0
BRDA:32,1,0,0
BRDA:32,1,1,0
BRDA:49,2,0,0
BRDA:49,2,1,0
BRDA:49,3,0,0
BRDA:49,3,1,0
BRDA:49,3,2,0
BRDA:50,4,0,0
BRDA:50,4,1,0
BRDA:50,5,0,0
BRDA:50,5,1,0
BRDA:51,6,0,0
BRDA:51,6,1,0
BRDA:53,7,0,0
BRDA:53,7,1,0
BRDA:56,8,0,0
BRDA:56,8,1,0
BRDA:59,9,0,0
BRDA:59,9,1,0
BRDA:59,10,0,0
BRDA:59,10,1,0
BRDA:62,11,0,0
BRDA:62,11,1,0
BRDA:83,12,0,0
BRDA:83,12,1,0
BRDA:89,13,0,0
BRDA:89,13,1,0
BRDA:106,14,0,0
BRDA:106,14,1,0
BRDA:130,15,0,0
BRDA:130,15,1,0
BRDA:130,16,0,0
BRDA:130,16,1,0
BRDA:134,17,0,0
BRDA:134,17,1,0
BRF:35
BRH:0
end_of_record
TN:
SF:/Users/epillot/red-tetris/src/client/actions/piece.js
FN:1,movePiece
FN:9,interval
FNF:2
FNH:2
FNDA:3,movePiece
FNDA:2,interval
LF:0
LH:0
BRDA:1,1,0,2
BRDA:1,1,1,1
BRDA:1,2,0,3
BRDA:1,2,1,2
BRF:4
BRH:4
end_of_record
TN:
SF:/Users/epillot/red-tetris/src/client/actions/server.js
FN:3,startGame
FN:9,createRoom
FN:16,joinRoom
FN:24,(anonymous_5)
FN:34,gameOver
FNF:5
FNH:5
FNDA:1,startGame
FNDA:1,createRoom
FNDA:1,joinRoom
FNDA:2,(anonymous_5)
FNDA:1,gameOver
LF:0
LH:0
BRDA:24,1,0,1
BRDA:24,1,1,1
BRDA:24,2,0,2
BRDA:24,2,1,1
BRDA:24,3,0,1
BRDA:24,3,1,1
BRDA:24,4,0,2
BRDA:24,4,1,1
BRF:8
BRH:8
end_of_record
TN:
SF:/Users/epillot/red-tetris/src/client/actions/tetris.js
FN:1,putPiece
FN:8,(anonymous_3)
FN:16,removeLines
FNF:3
FNH:3
FNDA:2,putPiece
FNDA:1,(anonymous_3)
FNDA:1,removeLines
LF:0
LH:0
BRF:0
BRH:0
end_of_record
TN:
SF:/Users/epillot/red-tetris/src/client/actions/ui.js
FN:1,editName
FN:8,editCode
FN:15,nicknameError
FN:21,removeError
FNF:4
FNH:4
FNDA:1,editName
FNDA:1,editCode
FNDA:1,nicknameError
FNDA:1,removeError
LF:0
LH:0
BRF:0
BRH:0
end_of_record
TN:
SF:/Users/epillot/red-tetris/src/client/components/block/index.js
FN:8,getBlockClass
FN:31,mapStateToProps
FNF:2
FNH:0
FNDA:0,getBlockClass
FNDA:0,mapStateToProps
DA:10,0
DA:16,0
DA:20,0
DA:22,0
LF:4
LH:0
BRDA:10,1,0,0
BRDA:10,1,1,0
BRDA:16,2,0,0
BRDA:16,2,1,0
BRDA:16,3,0,0
BRDA:16,3,1,0
BRDA:16,4,0,0
BRDA:16,4,1,0
BRDA:20,5,0,0
BRDA:20,5,1,0
BRDA:20,6,0,0
BRDA:20,6,1,0
BRDA:20,6,2,0
BRDA:20,7,0,0
BRDA:20,7,1,0
BRDA:22,8,0,0
BRDA:22,8,1,0
BRDA:37,9,0,0
BRDA:37,9,1,0
BRF:19
BRH:0
end_of_record
TN:
SF:/Users/epillot/red-tetris/src/client/components/board/index.js
FN:25,getBlocks
FN:59,mapStateToProps
FNF:2
FNH:0
FNDA:0,getBlocks
FNDA:0,mapStateToProps
DA:28,0
LF:1
LH:0
BRDA:49,1,0,0
BRDA:49,1,1,0
BRDA:50,2,0,0
BRDA:50,2,1,0
BRDA:51,3,0,0
BRDA:53,4,0,0
BRDA:53,4,1,0
BRDA:53,5,0,0
BRDA:53,5,1,0
BRDA:54,6,0,0
BRDA:67,7,0,0
BRDA:67,7,1,0
BRF:12
BRH:0
end_of_record
TN:
SF:/Users/epillot/red-tetris/src/client/components/playerGhost/index.js
FN:5,getBoardClassName
FN:16,getGhost
FN:49,mapStateToProps
FNF:3
FNH:0
FNDA:0,getBoardClassName
FNDA:0,getGhost
FNDA:0,mapStateToProps
DA:7,0
DA:9,0
DA:11,0
DA:21,0
DA:25,0
DA:26,0
DA:27,0
LF:7
LH:0
BRDA:7,1,0,0
BRDA:7,1,1,0
BRDA:9,2,0,0
BRDA:9,2,1,0
BRDA:9,3,0,0
BRDA:9,3,1,0
BRDA:11,4,0,0
BRDA:11,4,1,0
BRDA:11,5,0,0
BRDA:11,5,1,0
BRDA:25,6,0,0
BRDA:25,6,1,0
BRDA:27,7,0,0
BRDA:27,7,1,0
BRDA:27,8,0,0
BRDA:27,8,1,0
BRDA:38,9,0,0
BRDA:38,9,1,0
BRDA:38,9,2,0
BRDA:39,10,0,0
BRDA:39,10,1,0
BRDA:40,11,0,0
BRDA:40,11,1,0
BRDA:41,12,0,0
BRDA:44,13,0,0
BRDA:61,14,0,0
BRDA:61,14,1,0
BRDA:62,15,0,0
BRDA:62,15,1,0
BRDA:63,16,0,0
BRDA:63,16,1,0
BRDA:64,17,0,0
BRDA:64,17,1,0
BRDA:65,18,0,0
BRF:34
BRH:0
end_of_record
TN:
SF:/Users/epillot/red-tetris/src/client/components/playerRow/index_old.js
FN:49,mapStateToProps
FNF:1
FNH:0
FNDA:0,mapStateToProps
LF:0
LH:0
BRDA:6,1,0,0
BRDA:6,1,1,0
BRDA:8,2,0,0
BRDA:8,2,1,0
BRDA:18,3,0,0
BRDA:18,3,1,0
BRDA:20,4,0,0
BRDA:20,4,1,0
BRDA:38,5,0,0
BRDA:38,5,1,0
BRDA:39,6,0,0
BRDA:39,6,1,0
BRF:12
BRH:0
end_of_record
TN:
SF:/Users/epillot/red-tetris/src/client/components/playerRow/index.js
FN:31,mapStateToProps
FNF:1
FNH:0
FNDA:0,mapStateToProps
LF:0
LH:0
BRDA:8,1,0,0
BRDA:8,1,1,0
BRDA:18,2,0,0
BRDA:18,2,1,0
BRDA:20,3,0,0
BRDA:20,3,1,0
BRDA:35,4,0,0
BRDA:35,4,1,0
BRDA:36,5,0,0
BRDA:36,5,1,0
BRF:10
BRH:0
end_of_record
TN:
SF:/Users/epillot/red-tetris/src/client/components/room/index.js
FN:62,mapStateToProps
FN:70,mapDispatchToProps
FN:72,startGame
FN:75,pause
FNF:4
FNH:0
FNDA:0,mapStateToProps
FNDA:0,mapDispatchToProps
FNDA:0,startGame
FNDA:0,pause
LF:0
LH:0
BRDA:35,1,0,0
BRDA:35,1,1,0
BRDA:36,2,0,0
BRDA:36,2,1,0
BRDA:38,3,0,0
BRDA:38,3,1,0
BRDA:39,4,0,0
BRF:7
BRH:0
end_of_record
TN:
SF:/Users/epillot/red-tetris/src/client/components/test.js
FN:3,Tetris
FNF:1
FNH:1
FNDA:1,Tetris
LF:0
LH:0
BRF:0
BRH:0
end_of_record
TN:
SF:/Users/epillot/red-tetris/src/client/constants/actionTypes.js
FNF:0
FNH:0
LF:0
LH:0
BRF:0
BRH:0
end_of_record
TN:
SF:/Users/epillot/red-tetris/src/client/constants/game.js
FNF:0
FNH:0
LF:0
LH:0
BRF:0
BRH:0
end_of_record
TN:
SF:/Users/epillot/red-tetris/src/client/containers/app.js
FN:7,App
FN:53,mapDispatchToProps
FN:55,(anonymous_6)
FN:60,(anonymous_8)
FN:65,editName
FN:68,editCode
FN:71,(anonymous_12)
FN:77,mapStateToProps
FNF:8
FNH:0
FNDA:0,App
FNDA:0,mapDispatchToProps
FNDA:0,(anonymous_6)
FNDA:0,(anonymous_8)
FNDA:0,editName
FNDA:0,editCode
FNDA:0,(anonymous_12)
FNDA:0,mapStateToProps
DA:8,0
DA:57,0
DA:62,0
LF:3
LH:0
BRDA:8,1,0,0
BRDA:8,1,1,0
BRDA:8,2,0,0
BRDA:8,2,1,0
BRDA:27,3,0,0
BRDA:34,4,0,0
BRDA:34,4,1,0
BRDA:36,5,0,0
BRDA:36,5,1,0
BRDA:57,6,0,0
BRDA:57,6,1,0
BRDA:62,7,0,0
BRDA:62,7,1,0
BRF:13
BRH:0
end_of_record
TN:
SF:/Users/epillot/red-tetris/src/client/index.js
FNF:0
FNH:0
LF:0
LH:0
BRF:0
BRH:0
end_of_record
TN:
SF:/Users/epillot/red-tetris/src/client/middleware/animationMiddleWare.js
FN:1,(anonymous_3)
FN:10,(anonymous_5)
FN:13,stop
FN:23,loop
FNF:4
FNH:0
FNDA:0,(anonymous_3)
FNDA:0,(anonymous_5)
FNDA:0,stop
FNDA:0,loop
DA:3,0
DA:6,0
DA:15,0
DA:26,0
LF:4
LH:0
BRDA:3,1,0,0
BRDA:3,1,1,0
BRDA:6,2,0,0
BRDA:6,2,1,0
BRDA:8,3,0,0
BRDA:8,3,1,0
BRDA:15,4,0,0
BRDA:15,4,1,0
BRDA:26,5,0,0
BRDA:26,5,1,0
BRDA:26,6,0,0
BRDA:26,6,1,0
BRF:12
BRH:0
end_of_record
TN:
SF:/Users/epillot/red-tetris/src/client/middleware/socketIoMiddleWare.js
FN:3,(anonymous_3)
FN:5,(anonymous_4)
FN:11,(anonymous_5)
FN:38,(anonymous_9)
FNF:4
FNH:1
FNDA:1,(anonymous_3)
FNDA:0,(anonymous_4)
FNDA:0,(anonymous_5)
FNDA:0,(anonymous_9)
DA:6,0
DA:10,1
DA:12,0
DA:14,0
DA:15,0
DA:18,0
DA:20,0
DA:24,0
DA:27,0
DA:29,0
DA:39,0
LF:11
LH:1
BRDA:6,1,0,0
BRDA:6,1,1,0
BRDA:6,2,0,0
BRDA:6,2,1,0
BRDA:10,3,0,1
BRDA:10,3,1,0
BRDA:12,4,0,0
BRDA:12,4,1,0
BRDA:12,5,0,0
BRDA:12,5,1,0
BRDA:14,6,0,0
BRDA:14,6,1,0
BRDA:15,7,0,0
BRDA:15,7,1,0
BRDA:18,8,0,0
BRDA:18,8,1,0
BRDA:20,9,0,0
BRDA:20,9,1,0
BRDA:20,10,0,0
BRDA:20,10,1,0
BRDA:20,11,0,0
BRDA:20,11,1,0
BRDA:24,12,0,0
BRDA:24,12,1,0
BRDA:27,13,0,0
BRDA:27,13,1,0
BRDA:27,14,0,0
BRDA:27,14,1,0
BRDA:29,15,0,0
BRDA:29,15,1,0
BRDA:39,16,0,0
BRDA:39,16,1,0
BRDA:39,17,0,0
BRDA:39,17,1,0
BRDA:39,17,2,0
BRF:35
BRH:1
end_of_record
TN:
SF:/Users/epillot/red-tetris/src/client/middleware/storeStateMiddleWare.js
FN:1,storeStateMiddleWare
FN:2,(anonymous_3)
FNF:2
FNH:0
FNDA:0,storeStateMiddleWare
FNDA:0,(anonymous_3)
LF:0
LH:0
BRF:0
BRH:0
end_of_record
TN:
SF:/Users/epillot/red-tetris/src/client/reducers/animations.js
FN:19,animations
FNF:1
FNH:1
FNDA:3,animations
DA:19,2
LF:1
LH:1
BRDA:19,1,0,0
BRDA:19,1,1,3
BRDA:19,2,0,3
BRDA:19,2,1,3
BRDA:23,3,0,0
BRDA:23,3,1,0
BRDA:23,3,2,3
BRF:7
BRH:4
end_of_record
TN:
SF:/Users/epillot/red-tetris/src/client/reducers/connecting.js
FN:7,connecting
FNF:1
FNH:1
FNDA:3,connecting
DA:7,2
LF:1
LH:1
BRDA:7,1,0,0
BRDA:7,1,1,3
BRDA:7,2,0,3
BRDA:7,2,1,3
BRF:4
BRH:3
end_of_record
TN:
SF:/Users/epillot/red-tetris/src/client/reducers/game.js
FN:7,game
FNF:1
FNH:1
FNDA:3,game
DA:7,2
LF:1
LH:1
BRDA:7,1,0,0
BRDA:7,1,1,3
BRDA:7,2,0,3
BRDA:7,2,1,3
BRDA:11,3,0,0
BRDA:11,3,1,0
BRDA:11,3,2,3
BRF:7
BRH:4
end_of_record
TN:
SF:/Users/epillot/red-tetris/src/client/reducers/index.js
FNF:0
FNH:0
LF:0
LH:0
BRF:0
BRH:0
end_of_record
TN:
SF:/Users/epillot/red-tetris/src/client/reducers/piece.js
FN:25,piece
FNF:1
FNH:1
FNDA:8,piece
DA:25,2
LF:1
LH:1
BRDA:25,1,0,5
BRDA:25,1,1,3
BRDA:25,2,0,8
BRDA:25,2,1,8
BRDA:29,3,0,1
BRDA:29,3,1,1
BRDA:29,3,2,1
BRDA:29,3,3,1
BRDA:29,3,4,0
BRDA:29,3,5,4
BRDA:42,4,0,0
BRDA:42,4,1,0
BRF:12
BRH:9
end_of_record
TN:
SF:/Users/epillot/red-tetris/src/client/reducers/playersGhosts.js
FN:28,playersGhosts
FNF:1
FNH:1
FNDA:3,playersGhosts
DA:28,2
LF:1
LH:1
BRDA:28,1,0,0
BRDA:28,1,1,3
BRDA:28,2,0,3
BRDA:28,2,1,3
BRDA:32,3,0,0
BRDA:32,3,1,0
BRDA:32,3,2,0
BRDA:32,3,3,3
BRF:8
BRH:4
end_of_record
TN:
SF:/Users/epillot/red-tetris/src/client/reducers/room.js
FN:3,room
FNF:1
FNH:1
FNDA:3,room
DA:3,2
LF:1
LH:1
BRDA:3,1,0,0
BRDA:3,1,1,3
BRDA:3,2,0,3
BRDA:3,2,1,3
BRDA:7,3,0,0
BRDA:7,3,1,0
BRDA:7,3,2,3
BRF:7
BRH:4
end_of_record
TN:
SF:/Users/epillot/red-tetris/src/client/reducers/roomUsers.js
FN:3,roomUsers
FNF:1
FNH:1
FNDA:3,roomUsers
DA:3,2
LF:1
LH:1
BRDA:3,1,0,0
BRDA:3,1,1,3
BRDA:3,2,0,3
BRDA:3,2,1,3
BRDA:7,3,0,0
BRDA:7,3,1,3
BRF:6
BRH:4
end_of_record
TN:
SF:/Users/epillot/red-tetris/src/client/reducers/tetris.js
FN:58,tetris
FNF:1
FNH:1
FNDA:3,tetris
DA:58,2
LF:1
LH:1
BRDA:58,1,0,0
BRDA:58,1,1,3
BRDA:58,2,0,3
BRDA:58,2,1,3
BRDA:62,3,0,0
BRDA:62,3,1,0
BRDA:62,3,2,0
BRDA:62,3,3,0
BRDA:62,3,4,3
BRF:9
BRH:4
end_of_record
TN:
SF:/Users/epillot/red-tetris/src/client/reducers/ui.js
FN:10,ui
FNF:1
FNH:1
FNDA:3,ui
DA:10,2
LF:1
LH:1
BRDA:10,1,0,0
BRDA:10,1,1,3
BRDA:10,2,0,3
BRDA:10,2,1,3
BRDA:14,3,0,0
BRDA:14,3,1,0
BRDA:14,3,2,0
BRDA:14,3,3,0
BRDA:14,3,4,0
BRDA:14,3,5,3
BRF:10
BRH:4
end_of_record
TN:
SF:/Users/epillot/red-tetris/src/client/store/index.js
FN:11,parseHash
FN:27,predicate
FNF:2
FNH:1
FNDA:1,parseHash
FNDA:0,predicate
DA:12,1
LF:1
LH:1
BRDA:12,1,0,1
BRDA:12,1,1,0
BRDA:12,2,0,1
BRDA:12,2,1,0
BRDA:12,2,2,0
BRF:5
BRH:2
end_of_record
TN:
SF:/Users/epillot/red-tetris/src/client/tools/animations.js
FN:3,getPieceAnimationStyle
FN:5,(anonymous_5)
FN:11,getLineAnimationStyle
FN:16,(anonymous_7)
FN:24,getTranslateAnimationStyle
FN:34,(anonymous_9)
FN:42,getTranslationData
FNF:7
FNH:7
FNDA:1,getPieceAnimationStyle
FNDA:4,(anonymous_5)
FNDA:1,getLineAnimationStyle
FNDA:2,(anonymous_7)
FNDA:1,getTranslateAnimationStyle
FNDA:2,(anonymous_9)
FNDA:1,getTranslationData
DA:17,2
DA:26,1
DA:28,5
DA:29,5
DA:35,2
DA:46,1
DA:48,5
DA:49,2
DA:50,3
LF:9
LH:9
BRDA:28,1,0,1
BRDA:28,1,1,4
BRDA:48,2,0,2
BRDA:48,2,1,3
BRDA:50,3,0,2
BRDA:50,3,1,1
BRF:6
BRH:6
end_of_record
TN:
SF:/Users/epillot/red-tetris/src/client/tools/index.js
FN:1,updateObject
FN:68,isPossible
FN:80,tryTranslation
FN:92,isEmpty
FN:100,isComplete
FN:110,getCompleteLines
FN:112,(anonymous_14)
FN:119,getPieceProjection
FN:131,getGhostData
FNF:9
FNH:8
FNDA:4,updateObject
FNDA:8,isPossible
FNDA:0,tryTranslation
FNDA:5,isEmpty
FNDA:28,isComplete
FNDA:5,getCompleteLines
FNDA:20,(anonymous_14)
FNDA:3,getPieceProjection
FNDA:4,getGhostData
DA:69,8
DA:72,6
DA:74,24
DA:83,0
DA:86,0
DA:93,5
DA:94,13
DA:101,28
DA:103,26
DA:104,59
DA:113,20
DA:120,3
DA:122,1
DA:123,4
DA:133,4
DA:134,8
DA:135,4
DA:141,4
DA:143,40
DA:144,44
LF:20
LH:18
BRDA:69,1,0,2
BRDA:69,1,1,6
BRDA:74,2,0,4
BRDA:74,2,1,20
BRDA:74,3,0,24
BRDA:74,3,1,24
BRDA:74,3,2,24
BRDA:74,3,3,24
BRDA:74,3,4,24
BRDA:86,4,0,0
BRDA:86,4,1,0
BRDA:94,5,0,3
BRDA:94,5,1,10
BRDA:101,6,0,2
BRDA:101,6,1,26
BRDA:104,7,0,15
BRDA:104,7,1,44
BRDA:113,8,0,8
BRDA:113,8,1,12
BRDA:120,9,0,2
BRDA:120,9,1,1
BRDA:123,10,0,1
BRDA:123,10,1,3
BRDA:134,11,0,4
BRDA:134,11,1,4
BRDA:144,12,0,40
BRDA:144,12,1,4
BRF:27
BRH:25
end_of_record
TN:
SF:/Users/epillot/red-tetris/src/client/tools/reducers.js
FN:3,movePiece
FN:10,blackLines
FN:24,getPlayersGhosts
FN:28,(anonymous_10)
FN:33,(anonymous_12)
FN:40,initGhosts
FN:42,(anonymous_14)
FN:48,newTetris
FN:63,addBlackLines
FN:73,putPiece
FN:81,(anonymous_22)
FN:88,removeLines
FNF:12
FNH:1
FNDA:1,movePiece
FNDA:0,blackLines
FNDA:0,getPlayersGhosts
FNDA:0,(anonymous_10)
FNDA:0,(anonymous_12)
FNDA:0,initGhosts
FNDA:0,(anonymous_14)
FNDA:0,newTetris
FNDA:0,addBlackLines
FNDA:0,putPiece
FNDA:0,(anonymous_22)
FNDA:0,removeLines
DA:5,1
DA:14,0
DA:29,0
DA:34,0
DA:50,0
DA:52,0
DA:65,0
DA:67,0
DA:77,0
DA:91,0
DA:92,0
DA:97,0
LF:12
LH:1
BRDA:5,1,0,1
BRDA:5,1,1,0
BRDA:14,2,0,0
BRDA:14,2,1,0
BRDA:29,3,0,0
BRDA:29,3,1,0
BRDA:34,4,0,0
BRDA:34,4,1,0
BRDA:67,5,0,0
BRDA:67,5,1,0
BRDA:80,6,0,0
BRDA:80,6,1,0
BRDA:92,7,0,0
BRDA:92,7,1,0
BRDA:97,8,0,0
BRDA:97,8,1,0
BRF:16
BRH:1
end_of_record
TN:
SF:/Users/epillot/red-tetris/src/client/tools/rotations.js
FNF:0
FNH:0
LF:0
LH:0
BRF:0
BRH:0
end_of_record
TN:
SF:/Users/epillot/red-tetris/src/server/engine.js
FN:7,Engine
FN:11,(anonymous_8)
FN:27,(anonymous_9)
FN:31,(anonymous_10)
FN:108,(anonymous_12)
FNF:5
FNH:0
FNDA:0,Engine
FNDA:0,(anonymous_8)
FNDA:0,(anonymous_9)
FNDA:0,(anonymous_10)
FNDA:0,(anonymous_12)
DA:7,2
DA:17,0
DA:33,0
DA:37,0
DA:38,0
DA:40,0
DA:50,0
DA:54,0
DA:56,0
DA:67,0
DA:70,0
DA:79,0
DA:90,0
DA:93,0
DA:113,0
DA:115,0
DA:126,0
LF:17
LH:1
BRDA:17,1,0,0
BRDA:17,1,1,0
BRDA:17,2,0,0
BRDA:17,2,1,0
BRDA:33,3,0,0
BRDA:33,3,1,0
BRDA:37,4,0,0
BRDA:37,4,1,0
BRDA:40,5,0,0
BRDA:40,5,1,0
BRDA:50,6,0,0
BRDA:50,6,1,0
BRDA:54,7,0,0
BRDA:54,7,1,0
BRDA:56,8,0,0
BRDA:56,8,1,0
BRDA:56,9,0,0
BRDA:56,9,1,0
BRDA:67,10,0,0
BRDA:67,10,1,0
BRDA:70,11,0,0
BRDA:70,11,1,0
BRDA:79,12,0,0
BRDA:79,12,1,0
BRDA:79,13,0,0
BRDA:79,13,1,0
BRDA:90,14,0,0
BRDA:90,14,1,0
BRDA:93,15,0,0
BRDA:93,15,1,0
BRDA:108,16,0,0
BRDA:108,16,1,0
BRDA:108,17,0,0
BRDA:108,17,1,0
BRDA:113,18,0,0
BRDA:113,18,1,0
BRDA:115,19,0,0
BRDA:115,19,1,0
BRDA:126,20,0,0
BRDA:126,20,1,0
BRF:40
BRH:0
end_of_record
TN:
SF:/Users/epillot/red-tetris/src/server/game.js
FN:5,Game
FN:59,(anonymous_19)
FNF:2
FNH:1
FNDA:1,Game
FNDA:0,(anonymous_19)
DA:5,2
DA:32,0
DA:33,0
DA:35,0
DA:45,0
DA:46,0
DA:57,0
DA:60,0
LF:8
LH:1
BRDA:35,1,0,0
BRDA:35,1,1,0
BRDA:45,2,0,0
BRDA:45,2,1,0
BRDA:46,3,0,0
BRDA:46,3,1,0
BRDA:57,4,0,0
BRDA:57,4,1,0
BRDA:60,5,0,0
BRDA:60,5,1,0
BRF:10
BRH:0
end_of_record
TN:
SF:/Users/epillot/red-tetris/src/server/index.js
FN:8,initApp
FN:10,handler
FN:21,(anonymous_4)
FN:34,(anonymous_5)
FN:41,create
FN:42,(anonymous_7)
FN:44,(anonymous_8)
FN:46,stop
FN:48,(anonymous_10)
FNF:9
FNH:0
FNDA:0,initApp
FNDA:0,handler
FNDA:0,(anonymous_4)
FNDA:0,(anonymous_5)
FNDA:0,create
FNDA:0,(anonymous_7)
FNDA:0,(anonymous_8)
FNDA:0,stop
FNDA:0,(anonymous_10)
DA:12,0
DA:13,0
DA:14,0
DA:15,0
DA:16,0
DA:17,0
DA:22,0
DA:41,2
LF:8
LH:1
BRDA:12,1,0,0
BRDA:12,1,1,0
BRDA:14,2,0,0
BRDA:14,2,1,0
BRDA:16,3,0,0
BRDA:16,3,1,0
BRDA:22,4,0,0
BRDA:22,4,1,0
BRF:8
BRH:0
end_of_record
TN:
SF:/Users/epillot/red-tetris/src/server/main.js
FNF:0
FNH:0
LF:0
LH:0
BRF:0
BRH:0
end_of_record
TN:
SF:/Users/epillot/red-tetris/src/server/room.js
FN:5,Room
FNF:1
FNH:0
FNDA:0,Room
DA:5,2
DA:21,0
DA:31,0
DA:44,0
DA:59,0
DA:60,0
LF:6
LH:1
BRDA:21,1,0,0
BRDA:21,1,1,0
BRDA:31,2,0,0
BRDA:31,2,1,0
BRDA:58,3,0,0
BRDA:58,3,1,0
BRDA:59,4,0,0
BRDA:59,4,1,0
BRDA:60,5,0,0
BRDA:60,5,1,0
BRF:10
BRH:0
end_of_record
TN:
SF:/Users/epillot/red-tetris/src/server/t.js
FN:5,t
FNF:1
FNH:0
FNDA:0,t
DA:5,1
DA:6,0
LF:2
LH:1
BRF:0
BRH:0
end_of_record
TN:
SF:/Users/epillot/red-tetris/src/server/tetris.js
FNF:0
FNH:0
DA:5,0
DA:12,0
DA:19,0
DA:26,0
DA:33,0
DA:40,0
DA:47,0
DA:61,0
LF:8
LH:0
BRDA:5,1,0,0
BRDA:5,1,1,0
BRDA:12,2,0,0
BRDA:12,2,1,0
BRDA:19,3,0,0
BRDA:19,3,1,0
BRDA:26,4,0,0
BRDA:26,4,1,0
BRDA:33,5,0,0
BRDA:33,5,1,0
BRDA:40,6,0,0
BRDA:40,6,1,0
BRDA:47,7,0,0
BRDA:47,7,1,0
BRF:14
BRH:0
end_of_record
TN:
SF:/Users/epillot/red-tetris/src/server/user.js
FN:3,User
FNF:1
FNH:0
FNDA:0,User
DA:3,2
LF:1
LH:1
BRF:0
BRH:0
end_of_record
