TN:
SF:/Users/etiennepillot/red_tetris/src/client/actions/alert.js
FN:3,alert
FNF:1
FNH:1
FNDA:1,alert
LF:0
LH:0
BRF:0
BRH:0
end_of_record
TN:
SF:/Users/etiennepillot/red_tetris/src/client/actions/game.js
FN:3,startGame
FNF:1
FNH:0
FNDA:0,startGame
LF:0
LH:0
BRF:0
BRH:0
end_of_record
TN:
SF:/Users/etiennepillot/red_tetris/src/client/actions/index.js
FN:6,nextTurn
FN:17,gravity
FN:18,(anonymous_8)
FN:29,addKeyEvents
FN:51,startGame
FN:58,newPiece
FN:67,movePiece
FN:75,(anonymous_17)
FN:79,putPiece
FNF:9
FNH:0
FNDA:0,nextTurn
FNDA:0,gravity
FNDA:0,(anonymous_8)
FNDA:0,addKeyEvents
FNDA:0,startGame
FNDA:0,newPiece
FNDA:0,movePiece
FNDA:0,(anonymous_17)
FNDA:0,putPiece
DA:11,0
DA:12,0
DA:21,0
DA:31,0
DA:32,0
DA:36,0
DA:39,0
DA:43,0
DA:46,0
LF:9
LH:0
BRDA:11,1,0,0
BRDA:11,1,1,0
BRDA:21,2,0,0
BRDA:21,2,1,0
BRDA:31,3,0,0
BRDA:31,3,1,0
BRDA:32,4,0,0
BRDA:32,4,1,0
BRDA:32,5,0,0
BRDA:32,5,1,0
BRDA:32,5,2,0
BRDA:33,6,0,0
BRDA:33,6,1,0
BRDA:33,7,0,0
BRDA:33,7,1,0
BRDA:34,8,0,0
BRDA:34,8,1,0
BRDA:36,9,0,0
BRDA:36,9,1,0
BRDA:39,10,0,0
BRDA:39,10,1,0
BRDA:43,11,0,0
BRDA:43,11,1,0
BRDA:43,12,0,0
BRDA:43,12,1,0
BRDA:46,13,0,0
BRDA:46,13,1,0
BRDA:58,14,0,0
BRDA:58,14,1,0
BRDA:58,15,0,0
BRDA:58,15,1,0
BRDA:59,16,0,0
BRDA:59,16,1,0
BRDA:67,17,0,0
BRDA:67,17,1,0
BRDA:67,18,0,0
BRDA:67,18,1,0
BRDA:75,19,0,0
BRDA:75,19,1,0
BRDA:75,20,0,0
BRDA:75,20,1,0
BRF:41
BRH:0
end_of_record
TN:
SF:/Users/etiennepillot/red_tetris/src/client/actions/server.js
FN:1,ping
FNF:1
FNH:1
FNDA:1,ping
LF:0
LH:0
BRF:0
BRH:0
end_of_record
TN:
SF:/Users/etiennepillot/red_tetris/src/client/components/test.js
FN:3,Tetris
FN:9,Board
FNF:2
FNH:1
FNDA:1,Tetris
FNDA:0,Board
LF:0
LH:0
BRF:0
BRH:0
end_of_record
TN:
SF:/Users/etiennepillot/red_tetris/src/client/constants/actionTypes.js
FNF:0
FNH:0
LF:0
LH:0
BRF:0
BRH:0
end_of_record
TN:
SF:/Users/etiennepillot/red_tetris/src/client/containers/app.js
FN:5,getBlocks
FN:7,(anonymous_7)
FN:8,(anonymous_8)
FN:19,App
FN:31,mapDispatchToProps
FN:33,startGame
FN:40,mapStateToProps
FNF:7
FNH:0
FNDA:0,getBlocks
FNDA:0,(anonymous_7)
FNDA:0,(anonymous_8)
FNDA:0,App
FNDA:0,mapDispatchToProps
FNDA:0,startGame
FNDA:0,mapStateToProps
DA:9,0
DA:11,0
LF:2
LH:0
BRDA:9,1,0,0
BRDA:9,1,1,0
BRDA:9,2,0,0
BRDA:9,2,1,0
BRDA:9,3,0,0
BRDA:9,3,1,0
BRDA:11,4,0,0
BRDA:11,4,1,0
BRDA:11,5,0,0
BRDA:11,5,1,0
BRDA:11,5,2,0
BRDA:11,6,0,0
BRDA:11,6,1,0
BRDA:23,7,0,0
BRF:14
BRH:0
end_of_record
TN:
SF:/Users/etiennepillot/red_tetris/src/client/index.js
FNF:0
FNH:0
LF:0
LH:0
BRF:0
BRH:0
end_of_record
TN:
SF:/Users/etiennepillot/red_tetris/src/client/middleware/storeStateMiddleWare.js
FN:1,storeStateMiddleWare
FN:2,(anonymous_3)
FNF:2
FNH:0
FNDA:0,storeStateMiddleWare
FNDA:0,(anonymous_3)
LF:0
LH:0
BRF:0
BRH:0
end_of_record
TN:
SF:/Users/etiennepillot/red_tetris/src/client/reducers/index.js
FN:4,newTetris
FN:17,reducer
FNF:2
FNH:1
FNDA:0,newTetris
FNDA:5,reducer
DA:6,0
DA:8,0
LF:2
LH:0
BRDA:17,1,0,5
BRDA:17,1,1,0
BRDA:17,2,0,5
BRDA:17,2,1,5
BRDA:20,3,0,0
BRDA:20,3,1,1
BRDA:20,3,2,0
BRDA:20,3,3,0
BRDA:20,3,4,0
BRDA:20,3,5,4
BRDA:52,4,0,0
BRDA:52,4,1,0
BRF:12
BRH:5
end_of_record
TN:
SF:/Users/etiennepillot/red_tetris/src/client/store/index.js
FNF:0
FNH:0
LF:0
LH:0
BRF:0
BRH:0
end_of_record
TN:
SF:/Users/etiennepillot/red_tetris/src/client/tools/index.js
FN:3,getTetriminos
FN:55,newTetriminos
FN:67,putPiece
FN:69,(anonymous_12)
FN:80,checkBlock
FN:91,isPossible
FN:101,tryTranslation
FN:113,getCompleteLines
FN:130,getRevGrid
FN:142,removeLines
FN:144,(anonymous_21)
FN:151,getPieceGhost
FNF:12
FNH:0
FNDA:0,getTetriminos
FNDA:0,newTetriminos
FNDA:0,putPiece
FNDA:0,(anonymous_12)
FNDA:0,checkBlock
FNDA:0,isPossible
FNDA:0,tryTranslation
FNDA:0,getCompleteLines
FNDA:0,getRevGrid
FNDA:0,removeLines
FNDA:0,(anonymous_21)
FNDA:0,getPieceGhost
DA:5,0
DA:12,0
DA:19,0
DA:26,0
DA:33,0
DA:40,0
DA:47,0
DA:60,0
DA:70,0
DA:74,0
DA:82,0
DA:84,0
DA:93,0
DA:95,0
DA:104,0
DA:107,0
DA:116,0
DA:118,0
DA:119,0
DA:124,0
DA:132,0
DA:134,0
DA:152,0
DA:154,0
DA:155,0
LF:25
LH:0
BRDA:5,1,0,0
BRDA:5,1,1,0
BRDA:12,2,0,0
BRDA:12,2,1,0
BRDA:19,3,0,0
BRDA:19,3,1,0
BRDA:26,4,0,0
BRDA:26,4,1,0
BRDA:33,5,0,0
BRDA:33,5,1,0
BRDA:40,6,0,0
BRDA:40,6,1,0
BRDA:47,7,0,0
BRDA:47,7,1,0
BRDA:70,8,0,0
BRDA:70,8,1,0
BRDA:74,9,0,0
BRDA:74,9,1,0
BRDA:84,10,0,0
BRDA:84,10,1,0
BRDA:84,11,0,0
BRDA:84,11,1,0
BRDA:95,12,0,0
BRDA:95,12,1,0
BRDA:95,13,0,0
BRDA:95,13,1,0
BRDA:95,13,2,0
BRDA:95,13,3,0
BRDA:95,13,4,0
BRDA:107,14,0,0
BRDA:107,14,1,0
BRDA:119,15,0,0
BRDA:119,15,1,0
BRDA:124,16,0,0
BRDA:124,16,1,0
BRDA:127,17,0,0
BRDA:127,17,1,0
BRDA:152,18,0,0
BRDA:152,18,1,0
BRDA:155,19,0,0
BRDA:155,19,1,0
BRF:41
BRH:0
end_of_record
TN:
SF:/Users/etiennepillot/red_tetris/src/client/tools/rotations.js
FNF:0
FNH:0
LF:0
LH:0
BRF:0
BRH:0
end_of_record
TN:
SF:/Users/etiennepillot/red_tetris/src/server/index.js
FN:7,initApp
FN:9,handler
FN:11,(anonymous_4)
FN:24,(anonymous_5)
FN:30,initEngine
FN:31,(anonymous_7)
FN:33,(anonymous_8)
FN:41,create
FN:42,(anonymous_10)
FN:44,(anonymous_11)
FN:46,stop
FN:48,(anonymous_13)
FNF:12
FNH:9
FNDA:1,initApp
FNDA:0,handler
FNDA:0,(anonymous_4)
FNDA:1,(anonymous_5)
FNDA:1,initEngine
FNDA:1,(anonymous_7)
FNDA:1,(anonymous_8)
FNDA:1,create
FNDA:1,(anonymous_10)
FNDA:1,(anonymous_11)
FNDA:1,stop
FNDA:0,(anonymous_13)
DA:12,0
DA:34,1
DA:41,2
LF:3
LH:2
BRDA:10,1,0,0
BRDA:10,1,1,0
BRDA:10,2,0,0
BRDA:10,2,1,0
BRDA:12,3,0,0
BRDA:12,3,1,0
BRDA:34,4,0,1
BRDA:34,4,1,0
BRF:8
BRH:1
end_of_record
TN:
SF:/Users/etiennepillot/red_tetris/src/server/main.js
FNF:0
FNH:0
LF:0
LH:0
BRF:0
BRH:0
end_of_record
